{"numFailedTestSuites":0,"numFailedTests":0,"numPassedTestSuites":3,"numPassedTests":9,"numPendingTestSuites":0,"numPendingTests":0,"numRuntimeErrorTestSuites":0,"numTodoTests":0,"numTotalTestSuites":3,"numTotalTests":9,"openHandles":[],"snapshot":{"added":0,"didUpdate":false,"failure":false,"filesAdded":0,"filesRemoved":0,"filesRemovedList":[],"filesUnmatched":0,"filesUpdated":0,"matched":0,"total":0,"unchecked":0,"uncheckedKeysByFile":[],"unmatched":0,"updated":0},"startTime":1753507703319,"success":true,"testResults":[{"assertionResults":[{"ancestorTitles":["ExpenseStatusUpdate"],"failureMessages":[],"fullName":"ExpenseStatusUpdate renders buttons only for pending","location":null,"status":"passed","title":"renders buttons only for pending"},{"ancestorTitles":["ExpenseStatusUpdate"],"failureMessages":[],"fullName":"ExpenseStatusUpdate approve calls API and refresh","location":null,"status":"passed","title":"approve calls API and refresh"},{"ancestorTitles":["ExpenseStatusUpdate"],"failureMessages":[],"fullName":"ExpenseStatusUpdate reject opens modal, requires remarks, and calls API","location":null,"status":"passed","title":"reject opens modal, requires remarks, and calls API"}],"endTime":1753507706577,"message":"","name":"/home/coder/project/workspace/question_generation_service/solutions/6d883e9c-da69-471a-8572-6f26e7aa9623/reactapp/src/components/ExpenseStatusUpdate.test.js","startTime":1753507704368,"status":"passed","summary":""},{"assertionResults":[{"ancestorTitles":["ExpenseList"],"failureMessages":[],"fullName":"ExpenseList renders list and filters","location":null,"status":"passed","title":"renders list and filters"},{"ancestorTitles":["ExpenseList"],"failureMessages":[],"fullName":"ExpenseList filters by status","location":null,"status":"passed","title":"filters by status"},{"ancestorTitles":["ExpenseList"],"failureMessages":[],"fullName":"ExpenseList shows empty state when no expenses","location":null,"status":"passed","title":"shows empty state when no expenses"}],"endTime":1753507706678,"message":"","name":"/home/coder/project/workspace/question_generation_service/solutions/6d883e9c-da69-471a-8572-6f26e7aa9623/reactapp/src/components/ExpenseList.test.js","startTime":1753507704423,"status":"passed","summary":""},{"assertionResults":[{"ancestorTitles":["ExpenseForm"],"failureMessages":[],"fullName":"ExpenseForm renders form fields","location":null,"status":"passed","title":"renders form fields"},{"ancestorTitles":["ExpenseForm"],"failureMessages":[],"fullName":"ExpenseForm shows error on invalid input","location":null,"status":"passed","title":"shows error on invalid input"},{"ancestorTitles":["ExpenseForm"],"failureMessages":[],"fullName":"ExpenseForm shows success on correct submission and resets form","location":null,"status":"passed","title":"shows success on correct submission and resets form"}],"endTime":1753507706674,"message":"","name":"/home/coder/project/workspace/question_generation_service/solutions/6d883e9c-da69-471a-8572-6f26e7aa9623/reactapp/src/components/ExpenseForm.test.js","startTime":1753507704353,"status":"passed","summary":""}],"wasInterrupted":false}